2020-11-11T21:51:44+00:00 CRITICAL Uncaught Error: Class 'Form' not found in C:\xampp\htdocs\YamhillFieldsNursery\wordpress\wp-content\themes\yamhillfieldsnursery\page-contact-us.php:30
Stack trace:
#0 C:\xampp\htdocs\YamhillFieldsNursery\wordpress\wp-includes\template-loader.php(106): include()
#1 C:\xampp\htdocs\YamhillFieldsNursery\wordpress\wp-blog-header.php(19): require_once('C:\\xampp\\htdocs...')
#2 C:\xampp\htdocs\YamhillFieldsNursery\wordpress\index.php(17): require('C:\\xampp\\htdocs...')
#3 {main}
  thrown in C:\xampp\htdocs\YamhillFieldsNursery\wordpress\wp-content\themes\yamhillfieldsnursery\page-contact-us.php on line 30

2020-11-11T21:51:45+00:00 CRITICAL Uncaught Error: Class 'Form' not found in C:\xampp\htdocs\YamhillFieldsNursery\wordpress\wp-content\themes\yamhillfieldsnursery\page-contact-us.php:30
Stack trace:
#0 C:\xampp\htdocs\YamhillFieldsNursery\wordpress\wp-includes\template-loader.php(106): include()
#1 C:\xampp\htdocs\YamhillFieldsNursery\wordpress\wp-blog-header.php(19): require_once('C:\\xampp\\htdocs...')
#2 C:\xampp\htdocs\YamhillFieldsNursery\wordpress\index.php(17): require('C:\\xampp\\htdocs...')
#3 {main}
  thrown in C:\xampp\htdocs\YamhillFieldsNursery\wordpress\wp-content\themes\yamhillfieldsnursery\page-contact-us.php on line 30

2020-11-11T21:52:34+00:00 CRITICAL Uncaught Error: Class 'Form' not found in C:\xampp\htdocs\YamhillFieldsNursery\wordpress\wp-content\themes\yamhillfieldsnursery\page-contact-us.php:30
Stack trace:
#0 C:\xampp\htdocs\YamhillFieldsNursery\wordpress\wp-includes\template-loader.php(106): include()
#1 C:\xampp\htdocs\YamhillFieldsNursery\wordpress\wp-blog-header.php(19): require_once('C:\\xampp\\htdocs...')
#2 C:\xampp\htdocs\YamhillFieldsNursery\wordpress\index.php(17): require('C:\\xampp\\htdocs...')
#3 {main}
  thrown in C:\xampp\htdocs\YamhillFieldsNursery\wordpress\wp-content\themes\yamhillfieldsnursery\page-contact-us.php on line 30

2020-11-11T21:52:35+00:00 CRITICAL Uncaught Error: Class 'Form' not found in C:\xampp\htdocs\YamhillFieldsNursery\wordpress\wp-content\themes\yamhillfieldsnursery\page-contact-us.php:30
Stack trace:
#0 C:\xampp\htdocs\YamhillFieldsNursery\wordpress\wp-includes\template-loader.php(106): include()
#1 C:\xampp\htdocs\YamhillFieldsNursery\wordpress\wp-blog-header.php(19): require_once('C:\\xampp\\htdocs...')
#2 C:\xampp\htdocs\YamhillFieldsNursery\wordpress\index.php(17): require('C:\\xampp\\htdocs...')
#3 {main}
  thrown in C:\xampp\htdocs\YamhillFieldsNursery\wordpress\wp-content\themes\yamhillfieldsnursery\page-contact-us.php on line 30

2020-11-11T21:53:04+00:00 CRITICAL Uncaught Error: Class 'Form' not found in C:\xampp\htdocs\YamhillFieldsNursery\wordpress\wp-content\themes\yamhillfieldsnursery\page-contact-us.php:30
Stack trace:
#0 C:\xampp\htdocs\YamhillFieldsNursery\wordpress\wp-includes\template-loader.php(106): include()
#1 C:\xampp\htdocs\YamhillFieldsNursery\wordpress\wp-blog-header.php(19): require_once('C:\\xampp\\htdocs...')
#2 C:\xampp\htdocs\YamhillFieldsNursery\wordpress\index.php(17): require('C:\\xampp\\htdocs...')
#3 {main}
  thrown in C:\xampp\htdocs\YamhillFieldsNursery\wordpress\wp-content\themes\yamhillfieldsnursery\page-contact-us.php on line 30

2020-11-11T21:53:05+00:00 CRITICAL Uncaught Error: Class 'Form' not found in C:\xampp\htdocs\YamhillFieldsNursery\wordpress\wp-content\themes\yamhillfieldsnursery\page-contact-us.php:30
Stack trace:
#0 C:\xampp\htdocs\YamhillFieldsNursery\wordpress\wp-includes\template-loader.php(106): include()
#1 C:\xampp\htdocs\YamhillFieldsNursery\wordpress\wp-blog-header.php(19): require_once('C:\\xampp\\htdocs...')
#2 C:\xampp\htdocs\YamhillFieldsNursery\wordpress\index.php(17): require('C:\\xampp\\htdocs...')
#3 {main}
  thrown in C:\xampp\htdocs\YamhillFieldsNursery\wordpress\wp-content\themes\yamhillfieldsnursery\page-contact-us.php on line 30

2020-11-11T21:53:24+00:00 CRITICAL Uncaught Error: Class 'Form' not found in C:\xampp\htdocs\YamhillFieldsNursery\wordpress\wp-content\themes\yamhillfieldsnursery\page-contact-us.php:30
Stack trace:
#0 C:\xampp\htdocs\YamhillFieldsNursery\wordpress\wp-includes\template-loader.php(106): include()
#1 C:\xampp\htdocs\YamhillFieldsNursery\wordpress\wp-blog-header.php(19): require_once('C:\\xampp\\htdocs...')
#2 C:\xampp\htdocs\YamhillFieldsNursery\wordpress\index.php(17): require('C:\\xampp\\htdocs...')
#3 {main}
  thrown in C:\xampp\htdocs\YamhillFieldsNursery\wordpress\wp-content\themes\yamhillfieldsnursery\page-contact-us.php on line 30

2020-11-11T21:53:25+00:00 CRITICAL Uncaught Error: Class 'Form' not found in C:\xampp\htdocs\YamhillFieldsNursery\wordpress\wp-content\themes\yamhillfieldsnursery\page-contact-us.php:30
Stack trace:
#0 C:\xampp\htdocs\YamhillFieldsNursery\wordpress\wp-includes\template-loader.php(106): include()
#1 C:\xampp\htdocs\YamhillFieldsNursery\wordpress\wp-blog-header.php(19): require_once('C:\\xampp\\htdocs...')
#2 C:\xampp\htdocs\YamhillFieldsNursery\wordpress\index.php(17): require('C:\\xampp\\htdocs...')
#3 {main}
  thrown in C:\xampp\htdocs\YamhillFieldsNursery\wordpress\wp-content\themes\yamhillfieldsnursery\page-contact-us.php on line 30

